Start testing: Apr 01 21:58 EEST
----------------------------------------------------------
1/1 Testing: hasAdjacentEqual.oEqual
1/1 Test: hasAdjacentEqual.oEqual
Command: "/Users/yura_kulakovskyi/Documents/C++/TeamWork/PR3/PR3_3/PR3_3_rec/cmake-build-debug/PR3_3_rec_tests" "--gtest_filter=hasAdjacentEqual.oEqual" "--gtest_also_run_disabled_tests"
Directory: /Users/yura_kulakovskyi/Documents/C++/TeamWork/PR3/PR3_3/PR3_3_rec/cmake-build-debug
"hasAdjacentEqual.oEqual" start time: Apr 01 21:58 EEST
Output:
----------------------------------------------------------
Running main() from /Users/yura_kulakovskyi/Documents/C++/TeamWork/PR3/PR3_3/PR3_3_rec/lib/googletest/googletest/src/gtest_main.cc
Note: Google Test filter = hasAdjacentEqual.oEqual
[==========] Running 1 test from 1 test suite.
[----------] Global test environment set-up.
[----------] 1 test from hasAdjacentEqual
[ RUN      ] hasAdjacentEqual.oEqual
[       OK ] hasAdjacentEqual.oEqual (0 ms)
[----------] 1 test from hasAdjacentEqual (0 ms total)

[----------] Global test environment tear-down
[==========] 1 test from 1 test suite ran. (0 ms total)
[  PASSED  ] 1 test.
<end of output>
Test time =   0.00 sec
----------------------------------------------------------
Test Passed.
"hasAdjacentEqual.oEqual" end time: Apr 01 21:58 EEST
"hasAdjacentEqual.oEqual" time elapsed: 00:00:00
----------------------------------------------------------

End testing: Apr 01 21:58 EEST
